<?xml version="1.0" encoding="UTF-8"?>
<!-- Generated by org.testng.reporters.JUnitXMLReporter -->
<testsuite ignored="0" hostname="INLEN8520075188" failures="0" tests="3" name="Chrome" time="8.424" errors="0" timestamp="2024-11-08T20:13:43 IST">
  <testcase classname="parallel.ChromeTest" name="testTitle" time="0.114"/>
  <testcase classname="parallel.ChromeTest" name="clickOffers" time="0.002"/>
  <testcase classname="parallel.ChromeTest" name="clickOrders" time="0.002"/>
</testsuite> <!-- Chrome -->
