<?xml version="1.0" encoding="UTF-8"?>
<!-- Generated by org.testng.reporters.JUnitXMLReporter -->
<testsuite ignored="0" hostname="INLEN8520075188" failures="0" tests="3" name="Firefox" time="15.689" errors="0" timestamp="2024-11-08T20:13:50 IST">
  <testcase classname="parallel.FireFoxTest" name="testTitle" time="0.014"/>
  <testcase classname="parallel.FireFoxTest" name="clickOffers" time="0.006"/>
  <testcase classname="parallel.FireFoxTest" name="clickOrders" time="0.002"/>
</testsuite> <!-- Firefox -->
