<?xml version="1.0" encoding="UTF-8"?>
<!-- Generated by org.testng.reporters.JUnitXMLReporter -->
<testsuite ignored="4" hostname="INLEN8520075188" failures="0" tests="1" name="Groups" time="0.066" errors="0" timestamp="2024-11-06T23:43:49 IST">
  <testcase classname="Assertion.TestingInvocationCount" name="test1" time="0.009"/>
  <testcase classname="Assertion.TestingInvocationCount" name="test2" time="0.0">
    <ignored/>
  </testcase> <!-- test2 -->
  <testcase classname="Assertion.TestingInvocationCount" name="test3" time="0.0">
    <ignored/>
  </testcase> <!-- test3 -->
  <testcase classname="Assertion.TestingInvocationCount" name="test4" time="0.0">
    <ignored/>
  </testcase> <!-- test4 -->
  <testcase classname="Assertion.TestingInvocationCount" name="test5" time="0.0">
    <ignored/>
  </testcase> <!-- test5 -->
</testsuite> <!-- Groups -->
