<?xml version="1.0" encoding="UTF-8"?>
<!-- Generated by org.testng.reporters.JUnitXMLReporter -->
<testsuite ignored="0" hostname="INLEN8520075188" failures="0" tests="5" name="E2E" time="5.473" errors="0" timestamp="2024-11-06T23:33:38 IST">
  <testcase classname="Assertion.TestNGwithSelenium" name="loginApp" time="0.367"/>
  <testcase classname="Assertion.TestNGwithSelenium" name="LogoutApp" time="0.903"/>
  <testcase classname="Assertion.DependecyGroups" name="Login" time="0.001"/>
  <testcase classname="Assertion.DependecyGroups" name="Logout" time="0.0"/>
  <testcase classname="Assertion.DependecyGroups" name="verifyTitle" time="0.001"/>
</testsuite> <!-- E2E -->
