<?xml version="1.0" encoding="UTF-8"?>
<!-- Generated by org.testng.reporters.JUnitXMLReporter -->
<testsuite ignored="0" hostname="INLEN8520075188" failures="2" tests="9" name="Smoke" time="0.085" errors="0" timestamp="2024-11-06T23:33:23 IST">
  <testcase classname="Assertion.CyclicDependency" name="Login" time="0.011"/>
  <testcase classname="Assertion.CyclicDependency" name="Logout" time="0.002"/>
  <testcase classname="Assertion.AssertioninTestNG" name="test1" time="0.003"/>
  <testcase classname="Assertion.AssertioninTestNG" name="test2" time="0.002"/>
  <testcase classname="Assertion.AssertioninTestNG" name="test3" time="0.008">
    <failure type="java.lang.AssertionError" message="Validation Failed expected [Mahesh] but found [Mukesh]">
      <![CDATA[java.lang.AssertionError: Validation Failed expected [Mahesh] but found [Mukesh]
at Assertion.AssertioninTestNG.test3(AssertioninTestNG.java:42)
at java.base/java.util.ArrayList.forEach(ArrayList.java:1511)
... Removed 30 stack frames]]>
    </failure>
  </testcase> <!-- test3 -->
  <testcase classname="Assertion.AssertioninTestNG" name="test4" time="0.001"/>
  <testcase classname="Assertion.AssertioninTestNG" name="test5" time="0.002">
    <failure type="java.lang.AssertionError" message="Validation Failed: Lists differ at element [1]: PlayWright != Selenium expected [PlayWright] but found [Selenium]">
      <![CDATA[java.lang.AssertionError: Validation Failed: Lists differ at element [1]: PlayWright != Selenium expected [PlayWright] but found [Selenium]
at Assertion.AssertioninTestNG.test5(AssertioninTestNG.java:75)
at java.base/java.util.ArrayList.forEach(ArrayList.java:1511)
... Removed 29 stack frames]]>
    </failure>
  </testcase> <!-- test5 -->
  <testcase classname="Assertion.AssertioninTestNG" name="test6" time="0.001"/>
  <testcase classname="Assertion.AssertioninTestNG" name="test7" time="0.001"/>
</testsuite> <!-- Smoke -->
