<?xml version="1.0" encoding="UTF-8"?>
<testng-results ignored="0" total="1" passed="1" failed="0" skipped="0">
  <reporter-output>
  </reporter-output>
  <suite started-at="2024-11-26T17:41:41 IST" name="Default suite" finished-at="2024-11-26T17:42:01 IST" duration-ms="19812">
    <groups>
    </groups>
    <test started-at="2024-11-26T17:41:41 IST" name="Default test" finished-at="2024-11-26T17:42:01 IST" duration-ms="19812">
      <class name="test.Test1">
        <test-method signature="test()[pri:0, instance:test.Test1@229c6181]" started-at="2024-11-26T17:41:41 IST" name="test" finished-at="2024-11-26T17:42:01 IST" duration-ms="19729" status="PASS">
          <reporter-output>
          </reporter-output>
        </test-method> <!-- test -->
      </class> <!-- test.Test1 -->
    </test> <!-- Default test -->
  </suite> <!-- Default suite -->
</testng-results>
